26-06-11.22:38:20.661 [main            ] INFO  Application            - Starting Application using Java 17.0.17 with PID 49808 (C:\code\myAgent\myAgent-app\target\classes started by kqj in C:\code\myAgent)
26-06-11.22:38:20.663 [main            ] INFO  Application            - The following 1 profile is active: "dev"
26-06-11.22:38:21.590 [main            ] WARN  ClassPathMapperScanner - No MyBatis mapper was found in '[cn.bugstack.ai]' package. Please check your configuration.
26-06-11.22:38:22.212 [main            ] INFO  TomcatWebServer        - Tomcat initialized with port 8091 (http)
26-06-11.22:38:22.227 [main            ] INFO  Http11NioProtocol      - Initializing ProtocolHandler ["http-nio-8091"]
26-06-11.22:38:22.228 [main            ] INFO  StandardService        - Starting service [Tomcat]
26-06-11.22:38:22.229 [main            ] INFO  StandardEngine         - Starting Servlet engine: [Apache Tomcat/10.1.36]
26-06-11.22:38:22.306 [main            ] INFO  [/]                    - Initializing Spring embedded WebApplicationContext
26-06-11.22:38:22.307 [main            ] INFO  ServletWebServerApplicationContext - Root WebApplicationContext: initialization completed in 1605 ms
26-06-11.22:38:22.523 [main            ] INFO  OptionalValidatorFactoryBean - Failed to set up a Bean Validation provider: jakarta.validation.NoProviderFoundException: Unable to create a Configuration, because no Jakarta Bean Validation provider could be found. Add a provider like Hibernate Validator (RI) to your classpath.
26-06-11.22:38:22.772 [main            ] WARN  AnnotationConfigServletWebServerApplicationContext - Exception encountered during context initialization - cancelling refresh attempt: org.springframework.beans.factory.BeanCreationException: Error creating bean with name 'dashscopeAgentApi' defined in class path resource [com/alibaba/cloud/ai/autoconfigure/dashscope/DashScopeAgentAutoConfiguration.class]: Failed to instantiate [com.alibaba.cloud.ai.dashscope.api.DashScopeAgentApi]: Factory method 'dashscopeAgentApi' threw exception with message: DashScope API key must be set. Use the connection property: spring.ai.dashscope.api-key or spring.ai.dashscope.agent.api-key property.
26-06-11.22:38:22.775 [main            ] INFO  StandardService        - Stopping service [Tomcat]
26-06-11.22:38:22.799 [main            ] INFO  ConditionEvaluationReportLogger - 

Error starting ApplicationContext. To display the condition evaluation report re-run your application with 'debug' enabled.
26-06-11.22:38:22.824 [main            ] ERROR SpringApplication      - Application run failed
org.springframework.beans.factory.BeanCreationException: Error creating bean with name 'dashscopeAgentApi' defined in class path resource [com/alibaba/cloud/ai/autoconfigure/dashscope/DashScopeAgentAutoConfiguration.class]: Failed to instantiate [com.alibaba.cloud.ai.dashscope.api.DashScopeAgentApi]: Factory method 'dashscopeAgentApi' threw exception with message: DashScope API key must be set. Use the connection property: spring.ai.dashscope.api-key or spring.ai.dashscope.agent.api-key property.
	at org.springframework.beans.factory.support.ConstructorResolver.instantiate(ConstructorResolver.java:657)
	at org.springframework.beans.factory.support.ConstructorResolver.instantiateUsingFactoryMethod(ConstructorResolver.java:645)
	at org.springframework.beans.factory.support.AbstractAutowireCapableBeanFactory.instantiateUsingFactoryMethod(AbstractAutowireCapableBeanFactory.java:1361)
	at org.springframework.beans.factory.support.AbstractAutowireCapableBeanFactory.createBeanInstance(AbstractAutowireCapableBeanFactory.java:1191)
	at org.springframework.beans.factory.support.AbstractAutowireCapableBeanFactory.doCreateBean(AbstractAutowireCapableBeanFactory.java:563)
	at org.springframework.beans.factory.support.AbstractAutowireCapableBeanFactory.createBean(AbstractAutowireCapableBeanFactory.java:523)
	at org.springframework.beans.factory.support.AbstractBeanFactory.lambda$doGetBean$0(AbstractBeanFactory.java:339)
	at org.springframework.beans.factory.support.DefaultSingletonBeanRegistry.getSingleton(DefaultSingletonBeanRegistry.java:346)
	at org.springframework.beans.factory.support.AbstractBeanFactory.doGetBean(AbstractBeanFactory.java:337)
	at org.springframework.beans.factory.support.AbstractBeanFactory.getBean(AbstractBeanFactory.java:202)
	at org.springframework.beans.factory.support.DefaultListableBeanFactory.instantiateSingleton(DefaultListableBeanFactory.java:1155)
	at org.springframework.beans.factory.support.DefaultListableBeanFactory.preInstantiateSingleton(DefaultListableBeanFactory.java:1121)
	at org.springframework.beans.factory.support.DefaultListableBeanFactory.preInstantiateSingletons(DefaultListableBeanFactory.java:1056)
	at org.springframework.context.support.AbstractApplicationContext.finishBeanFactoryInitialization(AbstractApplicationContext.java:987)
	at org.springframework.context.support.AbstractApplicationContext.refresh(AbstractApplicationContext.java:627)
	at org.springframework.boot.web.servlet.context.ServletWebServerApplicationContext.refresh(ServletWebServerApplicationContext.java:146)
	at org.springframework.boot.SpringApplication.refresh(SpringApplication.java:752)
	at org.springframework.boot.SpringApplication.refreshContext(SpringApplication.java:439)
	at org.springframework.boot.SpringApplication.run(SpringApplication.java:318)
	at org.springframework.boot.SpringApplication.run(SpringApplication.java:1361)
	at org.springframework.boot.SpringApplication.run(SpringApplication.java:1350)
	at cn.bugstack.ai.Application.main(Application.java:12)
Caused by: org.springframework.beans.BeanInstantiationException: Failed to instantiate [com.alibaba.cloud.ai.dashscope.api.DashScopeAgentApi]: Factory method 'dashscopeAgentApi' threw exception with message: DashScope API key must be set. Use the connection property: spring.ai.dashscope.api-key or spring.ai.dashscope.agent.api-key property.
	at org.springframework.beans.factory.support.SimpleInstantiationStrategy.lambda$instantiate$0(SimpleInstantiationStrategy.java:199)
	at org.springframework.beans.factory.support.SimpleInstantiationStrategy.instantiateWithFactoryMethod(SimpleInstantiationStrategy.java:88)
	at org.springframework.beans.factory.support.SimpleInstantiationStrategy.instantiate(SimpleInstantiationStrategy.java:168)
	at org.springframework.beans.factory.support.ConstructorResolver.instantiate(ConstructorResolver.java:653)
	... 21 common frames omitted
Caused by: java.lang.IllegalArgumentException: DashScope API key must be set. Use the connection property: spring.ai.dashscope.api-key or spring.ai.dashscope.agent.api-key property.
	at org.springframework.util.Assert.hasText(Assert.java:253)
	at com.alibaba.cloud.ai.autoconfigure.dashscope.DashScopeConnectionUtils.resolveConnectionProperties(DashScopeConnectionUtils.java:65)
	at com.alibaba.cloud.ai.autoconfigure.dashscope.DashScopeAgentAutoConfiguration.dashscopeAgentApi(DashScopeAgentAutoConfiguration.java:62)
	at java.base/jdk.internal.reflect.NativeMethodAccessorImpl.invoke0(Native Method)
	at java.base/jdk.internal.reflect.NativeMethodAccessorImpl.invoke(NativeMethodAccessorImpl.java:77)
	at java.base/jdk.internal.reflect.DelegatingMethodAccessorImpl.invoke(DelegatingMethodAccessorImpl.java:43)
	at java.base/java.lang.reflect.Method.invoke(Method.java:568)
	at org.springframework.beans.factory.support.SimpleInstantiationStrategy.lambda$instantiate$0(SimpleInstantiationStrategy.java:171)
	... 24 common frames omitted
26-06-11.22:55:07.235 [main            ] INFO  Application            - Starting Application using Java 17.0.17 with PID 42964 (C:\code\myAgent\myAgent-app\target\classes started by kqj in C:\code\myAgent)
26-06-11.22:55:07.237 [main            ] INFO  Application            - The following 1 profile is active: "dev"
26-06-11.22:55:08.248 [main            ] WARN  ClassPathMapperScanner - No MyBatis mapper was found in '[cn.bugstack.ai]' package. Please check your configuration.
26-06-11.22:55:09.010 [main            ] INFO  TomcatWebServer        - Tomcat initialized with port 8091 (http)
26-06-11.22:55:09.032 [main            ] INFO  Http11NioProtocol      - Initializing ProtocolHandler ["http-nio-8091"]
26-06-11.22:55:09.034 [main            ] INFO  StandardService        - Starting service [Tomcat]
26-06-11.22:55:09.034 [main            ] INFO  StandardEngine         - Starting Servlet engine: [Apache Tomcat/10.1.36]
26-06-11.22:55:09.129 [main            ] INFO  [/]                    - Initializing Spring embedded WebApplicationContext
26-06-11.22:55:09.129 [main            ] INFO  ServletWebServerApplicationContext - Root WebApplicationContext: initialization completed in 1847 ms
26-06-11.22:55:09.392 [main            ] INFO  OptionalValidatorFactoryBean - Failed to set up a Bean Validation provider: jakarta.validation.NoProviderFoundException: Unable to create a Configuration, because no Jakarta Bean Validation provider could be found. Add a provider like Hibernate Validator (RI) to your classpath.
26-06-11.22:55:10.119 [main            ] WARN  AnnotationConfigServletWebServerApplicationContext - Exception encountered during context initialization - cancelling refresh attempt: org.springframework.beans.factory.BeanCreationException: Error creating bean with name 'dashScopeSpeechSynthesisModel' defined in class path resource [com/alibaba/cloud/ai/autoconfigure/dashscope/DashScopeAudioSpeechAutoConfiguration.class]: Failed to instantiate [com.alibaba.cloud.ai.dashscope.audio.DashScopeAudioSpeechModel]: Factory method 'dashScopeSpeechSynthesisModel' threw exception with message: DashScope API key must be set. Use the connection property: spring.ai.dashscope.api-key or spring.ai.dashscope.audio.synthesis.api-key property.
26-06-11.22:55:10.122 [main            ] INFO  StandardService        - Stopping service [Tomcat]
26-06-11.22:55:10.154 [main            ] INFO  ConditionEvaluationReportLogger - 

Error starting ApplicationContext. To display the condition evaluation report re-run your application with 'debug' enabled.
26-06-11.22:55:10.172 [main            ] ERROR SpringApplication      - Application run failed
org.springframework.beans.factory.BeanCreationException: Error creating bean with name 'dashScopeSpeechSynthesisModel' defined in class path resource [com/alibaba/cloud/ai/autoconfigure/dashscope/DashScopeAudioSpeechAutoConfiguration.class]: Failed to instantiate [com.alibaba.cloud.ai.dashscope.audio.DashScopeAudioSpeechModel]: Factory method 'dashScopeSpeechSynthesisModel' threw exception with message: DashScope API key must be set. Use the connection property: spring.ai.dashscope.api-key or spring.ai.dashscope.audio.synthesis.api-key property.
	at org.springframework.beans.factory.support.ConstructorResolver.instantiate(ConstructorResolver.java:657)
	at org.springframework.beans.factory.support.ConstructorResolver.instantiateUsingFactoryMethod(ConstructorResolver.java:645)
	at org.springframework.beans.factory.support.AbstractAutowireCapableBeanFactory.instantiateUsingFactoryMethod(AbstractAutowireCapableBeanFactory.java:1361)
	at org.springframework.beans.factory.support.AbstractAutowireCapableBeanFactory.createBeanInstance(AbstractAutowireCapableBeanFactory.java:1191)
	at org.springframework.beans.factory.support.AbstractAutowireCapableBeanFactory.doCreateBean(AbstractAutowireCapableBeanFactory.java:563)
	at org.springframework.beans.factory.support.AbstractAutowireCapableBeanFactory.createBean(AbstractAutowireCapableBeanFactory.java:523)
	at org.springframework.beans.factory.support.AbstractBeanFactory.lambda$doGetBean$0(AbstractBeanFactory.java:339)
	at org.springframework.beans.factory.support.DefaultSingletonBeanRegistry.getSingleton(DefaultSingletonBeanRegistry.java:346)
	at org.springframework.beans.factory.support.AbstractBeanFactory.doGetBean(AbstractBeanFactory.java:337)
	at org.springframework.beans.factory.support.AbstractBeanFactory.getBean(AbstractBeanFactory.java:202)
	at org.springframework.beans.factory.support.DefaultListableBeanFactory.instantiateSingleton(DefaultListableBeanFactory.java:1155)
	at org.springframework.beans.factory.support.DefaultListableBeanFactory.preInstantiateSingleton(DefaultListableBeanFactory.java:1121)
	at org.springframework.beans.factory.support.DefaultListableBeanFactory.preInstantiateSingletons(DefaultListableBeanFactory.java:1056)
	at org.springframework.context.support.AbstractApplicationContext.finishBeanFactoryInitialization(AbstractApplicationContext.java:987)
	at org.springframework.context.support.AbstractApplicationContext.refresh(AbstractApplicationContext.java:627)
	at org.springframework.boot.web.servlet.context.ServletWebServerApplicationContext.refresh(ServletWebServerApplicationContext.java:146)
	at org.springframework.boot.SpringApplication.refresh(SpringApplication.java:752)
	at org.springframework.boot.SpringApplication.refreshContext(SpringApplication.java:439)
	at org.springframework.boot.SpringApplication.run(SpringApplication.java:318)
	at org.springframework.boot.SpringApplication.run(SpringApplication.java:1361)
	at org.springframework.boot.SpringApplication.run(SpringApplication.java:1350)
	at cn.bugstack.ai.Application.main(Application.java:12)
Caused by: org.springframework.beans.BeanInstantiationException: Failed to instantiate [com.alibaba.cloud.ai.dashscope.audio.DashScopeAudioSpeechModel]: Factory method 'dashScopeSpeechSynthesisModel' threw exception with message: DashScope API key must be set. Use the connection property: spring.ai.dashscope.api-key or spring.ai.dashscope.audio.synthesis.api-key property.
	at org.springframework.beans.factory.support.SimpleInstantiationStrategy.lambda$instantiate$0(SimpleInstantiationStrategy.java:199)
	at org.springframework.beans.factory.support.SimpleInstantiationStrategy.instantiateWithFactoryMethod(SimpleInstantiationStrategy.java:88)
	at org.springframework.beans.factory.support.SimpleInstantiationStrategy.instantiate(SimpleInstantiationStrategy.java:168)
	at org.springframework.beans.factory.support.ConstructorResolver.instantiate(ConstructorResolver.java:653)
	... 21 common frames omitted
Caused by: java.lang.IllegalArgumentException: DashScope API key must be set. Use the connection property: spring.ai.dashscope.api-key or spring.ai.dashscope.audio.synthesis.api-key property.
	at org.springframework.util.Assert.hasText(Assert.java:253)
	at com.alibaba.cloud.ai.autoconfigure.dashscope.DashScopeConnectionUtils.resolveConnectionProperties(DashScopeConnectionUtils.java:65)
	at com.alibaba.cloud.ai.autoconfigure.dashscope.DashScopeAudioSpeechAutoConfiguration.dashScopeSpeechSynthesisApi(DashScopeAudioSpeechAutoConfiguration.java:66)
	at com.alibaba.cloud.ai.autoconfigure.dashscope.DashScopeAudioSpeechAutoConfiguration.dashScopeSpeechSynthesisModel(DashScopeAudioSpeechAutoConfiguration.java:58)
	at java.base/jdk.internal.reflect.NativeMethodAccessorImpl.invoke0(Native Method)
	at java.base/jdk.internal.reflect.NativeMethodAccessorImpl.invoke(NativeMethodAccessorImpl.java:77)
	at java.base/jdk.internal.reflect.DelegatingMethodAccessorImpl.invoke(DelegatingMethodAccessorImpl.java:43)
	at java.base/java.lang.reflect.Method.invoke(Method.java:568)
	at org.springframework.beans.factory.support.SimpleInstantiationStrategy.lambda$instantiate$0(SimpleInstantiationStrategy.java:171)
	... 24 common frames omitted
26-06-11.22:57:04.667 [main            ] INFO  Application            - Starting Application using Java 17.0.17 with PID 18744 (C:\code\myAgent\myAgent-app\target\classes started by kqj in C:\code\myAgent)
26-06-11.22:57:04.669 [main            ] INFO  Application            - The following 1 profile is active: "dev"
26-06-11.22:57:06.692 [main            ] WARN  ClassPathMapperScanner - No MyBatis mapper was found in '[cn.bugstack.ai]' package. Please check your configuration.
26-06-11.22:57:07.314 [main            ] INFO  TomcatWebServer        - Tomcat initialized with port 8091 (http)
26-06-11.22:57:07.336 [main            ] INFO  Http11NioProtocol      - Initializing ProtocolHandler ["http-nio-8091"]
26-06-11.22:57:07.338 [main            ] INFO  StandardService        - Starting service [Tomcat]
26-06-11.22:57:07.338 [main            ] INFO  StandardEngine         - Starting Servlet engine: [Apache Tomcat/10.1.36]
26-06-11.22:57:07.410 [main            ] INFO  [/]                    - Initializing Spring embedded WebApplicationContext
26-06-11.22:57:07.411 [main            ] INFO  ServletWebServerApplicationContext - Root WebApplicationContext: initialization completed in 2627 ms
26-06-11.22:57:07.630 [main            ] INFO  OptionalValidatorFactoryBean - Failed to set up a Bean Validation provider: jakarta.validation.NoProviderFoundException: Unable to create a Configuration, because no Jakarta Bean Validation provider could be found. Add a provider like Hibernate Validator (RI) to your classpath.
26-06-11.22:57:08.105 [main            ] WARN  AnnotationConfigServletWebServerApplicationContext - Exception encountered during context initialization - cancelling refresh attempt: org.springframework.beans.factory.BeanCreationException: Error creating bean with name 'dashScopeSpeechSynthesisModel' defined in class path resource [com/alibaba/cloud/ai/autoconfigure/dashscope/DashScopeAudioSpeechAutoConfiguration.class]: Failed to instantiate [com.alibaba.cloud.ai.dashscope.audio.DashScopeAudioSpeechModel]: Factory method 'dashScopeSpeechSynthesisModel' threw exception with message: DashScope API key must be set. Use the connection property: spring.ai.dashscope.api-key or spring.ai.dashscope.audio.synthesis.api-key property.
26-06-11.22:57:08.109 [main            ] INFO  StandardService        - Stopping service [Tomcat]
26-06-11.22:57:08.126 [main            ] INFO  ConditionEvaluationReportLogger - 

Error starting ApplicationContext. To display the condition evaluation report re-run your application with 'debug' enabled.
26-06-11.22:57:08.145 [main            ] ERROR SpringApplication      - Application run failed
org.springframework.beans.factory.BeanCreationException: Error creating bean with name 'dashScopeSpeechSynthesisModel' defined in class path resource [com/alibaba/cloud/ai/autoconfigure/dashscope/DashScopeAudioSpeechAutoConfiguration.class]: Failed to instantiate [com.alibaba.cloud.ai.dashscope.audio.DashScopeAudioSpeechModel]: Factory method 'dashScopeSpeechSynthesisModel' threw exception with message: DashScope API key must be set. Use the connection property: spring.ai.dashscope.api-key or spring.ai.dashscope.audio.synthesis.api-key property.
	at org.springframework.beans.factory.support.ConstructorResolver.instantiate(ConstructorResolver.java:657)
	at org.springframework.beans.factory.support.ConstructorResolver.instantiateUsingFactoryMethod(ConstructorResolver.java:645)
	at org.springframework.beans.factory.support.AbstractAutowireCapableBeanFactory.instantiateUsingFactoryMethod(AbstractAutowireCapableBeanFactory.java:1361)
	at org.springframework.beans.factory.support.AbstractAutowireCapableBeanFactory.createBeanInstance(AbstractAutowireCapableBeanFactory.java:1191)
	at org.springframework.beans.factory.support.AbstractAutowireCapableBeanFactory.doCreateBean(AbstractAutowireCapableBeanFactory.java:563)
	at org.springframework.beans.factory.support.AbstractAutowireCapableBeanFactory.createBean(AbstractAutowireCapableBeanFactory.java:523)
	at org.springframework.beans.factory.support.AbstractBeanFactory.lambda$doGetBean$0(AbstractBeanFactory.java:339)
	at org.springframework.beans.factory.support.DefaultSingletonBeanRegistry.getSingleton(DefaultSingletonBeanRegistry.java:346)
	at org.springframework.beans.factory.support.AbstractBeanFactory.doGetBean(AbstractBeanFactory.java:337)
	at org.springframework.beans.factory.support.AbstractBeanFactory.getBean(AbstractBeanFactory.java:202)
	at org.springframework.beans.factory.support.DefaultListableBeanFactory.instantiateSingleton(DefaultListableBeanFactory.java:1155)
	at org.springframework.beans.factory.support.DefaultListableBeanFactory.preInstantiateSingleton(DefaultListableBeanFactory.java:1121)
	at org.springframework.beans.factory.support.DefaultListableBeanFactory.preInstantiateSingletons(DefaultListableBeanFactory.java:1056)
	at org.springframework.context.support.AbstractApplicationContext.finishBeanFactoryInitialization(AbstractApplicationContext.java:987)
	at org.springframework.context.support.AbstractApplicationContext.refresh(AbstractApplicationContext.java:627)
	at org.springframework.boot.web.servlet.context.ServletWebServerApplicationContext.refresh(ServletWebServerApplicationContext.java:146)
	at org.springframework.boot.SpringApplication.refresh(SpringApplication.java:752)
	at org.springframework.boot.SpringApplication.refreshContext(SpringApplication.java:439)
	at org.springframework.boot.SpringApplication.run(SpringApplication.java:318)
	at org.springframework.boot.SpringApplication.run(SpringApplication.java:1361)
	at org.springframework.boot.SpringApplication.run(SpringApplication.java:1350)
	at cn.bugstack.ai.Application.main(Application.java:12)
Caused by: org.springframework.beans.BeanInstantiationException: Failed to instantiate [com.alibaba.cloud.ai.dashscope.audio.DashScopeAudioSpeechModel]: Factory method 'dashScopeSpeechSynthesisModel' threw exception with message: DashScope API key must be set. Use the connection property: spring.ai.dashscope.api-key or spring.ai.dashscope.audio.synthesis.api-key property.
	at org.springframework.beans.factory.support.SimpleInstantiationStrategy.lambda$instantiate$0(SimpleInstantiationStrategy.java:199)
	at org.springframework.beans.factory.support.SimpleInstantiationStrategy.instantiateWithFactoryMethod(SimpleInstantiationStrategy.java:88)
	at org.springframework.beans.factory.support.SimpleInstantiationStrategy.instantiate(SimpleInstantiationStrategy.java:168)
	at org.springframework.beans.factory.support.ConstructorResolver.instantiate(ConstructorResolver.java:653)
	... 21 common frames omitted
Caused by: java.lang.IllegalArgumentException: DashScope API key must be set. Use the connection property: spring.ai.dashscope.api-key or spring.ai.dashscope.audio.synthesis.api-key property.
	at org.springframework.util.Assert.hasText(Assert.java:253)
	at com.alibaba.cloud.ai.autoconfigure.dashscope.DashScopeConnectionUtils.resolveConnectionProperties(DashScopeConnectionUtils.java:65)
	at com.alibaba.cloud.ai.autoconfigure.dashscope.DashScopeAudioSpeechAutoConfiguration.dashScopeSpeechSynthesisApi(DashScopeAudioSpeechAutoConfiguration.java:66)
	at com.alibaba.cloud.ai.autoconfigure.dashscope.DashScopeAudioSpeechAutoConfiguration.dashScopeSpeechSynthesisModel(DashScopeAudioSpeechAutoConfiguration.java:58)
	at java.base/jdk.internal.reflect.NativeMethodAccessorImpl.invoke0(Native Method)
	at java.base/jdk.internal.reflect.NativeMethodAccessorImpl.invoke(NativeMethodAccessorImpl.java:77)
	at java.base/jdk.internal.reflect.DelegatingMethodAccessorImpl.invoke(DelegatingMethodAccessorImpl.java:43)
	at java.base/java.lang.reflect.Method.invoke(Method.java:568)
	at org.springframework.beans.factory.support.SimpleInstantiationStrategy.lambda$instantiate$0(SimpleInstantiationStrategy.java:171)
	... 24 common frames omitted
26-06-11.22:57:52.197 [main            ] INFO  Application            - Starting Application using Java 17.0.17 with PID 37276 (C:\code\myAgent\myAgent-app\target\classes started by kqj in C:\code\myAgent)
26-06-11.22:57:52.200 [main            ] INFO  Application            - The following 1 profile is active: "dev"
26-06-11.22:57:53.547 [main            ] WARN  ClassPathMapperScanner - No MyBatis mapper was found in '[cn.bugstack.ai]' package. Please check your configuration.
26-06-11.22:57:54.084 [main            ] INFO  TomcatWebServer        - Tomcat initialized with port 8091 (http)
26-06-11.22:57:54.097 [main            ] INFO  Http11NioProtocol      - Initializing ProtocolHandler ["http-nio-8091"]
26-06-11.22:57:54.098 [main            ] INFO  StandardService        - Starting service [Tomcat]
26-06-11.22:57:54.099 [main            ] INFO  StandardEngine         - Starting Servlet engine: [Apache Tomcat/10.1.36]
26-06-11.22:57:54.178 [main            ] INFO  [/]                    - Initializing Spring embedded WebApplicationContext
26-06-11.22:57:54.178 [main            ] INFO  ServletWebServerApplicationContext - Root WebApplicationContext: initialization completed in 1888 ms
26-06-11.22:57:54.447 [main            ] INFO  OptionalValidatorFactoryBean - Failed to set up a Bean Validation provider: jakarta.validation.NoProviderFoundException: Unable to create a Configuration, because no Jakarta Bean Validation provider could be found. Add a provider like Hibernate Validator (RI) to your classpath.
26-06-11.22:57:54.923 [main            ] WARN  AnnotationConfigServletWebServerApplicationContext - Exception encountered during context initialization - cancelling refresh attempt: org.springframework.beans.factory.BeanCreationException: Error creating bean with name 'dashScopeSpeechSynthesisModel' defined in class path resource [com/alibaba/cloud/ai/autoconfigure/dashscope/DashScopeAudioSpeechAutoConfiguration.class]: Failed to instantiate [com.alibaba.cloud.ai.dashscope.audio.DashScopeAudioSpeechModel]: Factory method 'dashScopeSpeechSynthesisModel' threw exception with message: DashScope API key must be set. Use the connection property: spring.ai.dashscope.api-key or spring.ai.dashscope.audio.synthesis.api-key property.
26-06-11.22:57:54.927 [main            ] INFO  StandardService        - Stopping service [Tomcat]
26-06-11.22:57:54.947 [main            ] INFO  ConditionEvaluationReportLogger - 

Error starting ApplicationContext. To display the condition evaluation report re-run your application with 'debug' enabled.
26-06-11.22:57:54.963 [main            ] ERROR SpringApplication      - Application run failed
org.springframework.beans.factory.BeanCreationException: Error creating bean with name 'dashScopeSpeechSynthesisModel' defined in class path resource [com/alibaba/cloud/ai/autoconfigure/dashscope/DashScopeAudioSpeechAutoConfiguration.class]: Failed to instantiate [com.alibaba.cloud.ai.dashscope.audio.DashScopeAudioSpeechModel]: Factory method 'dashScopeSpeechSynthesisModel' threw exception with message: DashScope API key must be set. Use the connection property: spring.ai.dashscope.api-key or spring.ai.dashscope.audio.synthesis.api-key property.
	at org.springframework.beans.factory.support.ConstructorResolver.instantiate(ConstructorResolver.java:657)
	at org.springframework.beans.factory.support.ConstructorResolver.instantiateUsingFactoryMethod(ConstructorResolver.java:645)
	at org.springframework.beans.factory.support.AbstractAutowireCapableBeanFactory.instantiateUsingFactoryMethod(AbstractAutowireCapableBeanFactory.java:1361)
	at org.springframework.beans.factory.support.AbstractAutowireCapableBeanFactory.createBeanInstance(AbstractAutowireCapableBeanFactory.java:1191)
	at org.springframework.beans.factory.support.AbstractAutowireCapableBeanFactory.doCreateBean(AbstractAutowireCapableBeanFactory.java:563)
	at org.springframework.beans.factory.support.AbstractAutowireCapableBeanFactory.createBean(AbstractAutowireCapableBeanFactory.java:523)
	at org.springframework.beans.factory.support.AbstractBeanFactory.lambda$doGetBean$0(AbstractBeanFactory.java:339)
	at org.springframework.beans.factory.support.DefaultSingletonBeanRegistry.getSingleton(DefaultSingletonBeanRegistry.java:346)
	at org.springframework.beans.factory.support.AbstractBeanFactory.doGetBean(AbstractBeanFactory.java:337)
	at org.springframework.beans.factory.support.AbstractBeanFactory.getBean(AbstractBeanFactory.java:202)
	at org.springframework.beans.factory.support.DefaultListableBeanFactory.instantiateSingleton(DefaultListableBeanFactory.java:1155)
	at org.springframework.beans.factory.support.DefaultListableBeanFactory.preInstantiateSingleton(DefaultListableBeanFactory.java:1121)
	at org.springframework.beans.factory.support.DefaultListableBeanFactory.preInstantiateSingletons(DefaultListableBeanFactory.java:1056)
	at org.springframework.context.support.AbstractApplicationContext.finishBeanFactoryInitialization(AbstractApplicationContext.java:987)
	at org.springframework.context.support.AbstractApplicationContext.refresh(AbstractApplicationContext.java:627)
	at org.springframework.boot.web.servlet.context.ServletWebServerApplicationContext.refresh(ServletWebServerApplicationContext.java:146)
	at org.springframework.boot.SpringApplication.refresh(SpringApplication.java:752)
	at org.springframework.boot.SpringApplication.refreshContext(SpringApplication.java:439)
	at org.springframework.boot.SpringApplication.run(SpringApplication.java:318)
	at org.springframework.boot.SpringApplication.run(SpringApplication.java:1361)
	at org.springframework.boot.SpringApplication.run(SpringApplication.java:1350)
	at cn.bugstack.ai.Application.main(Application.java:12)
Caused by: org.springframework.beans.BeanInstantiationException: Failed to instantiate [com.alibaba.cloud.ai.dashscope.audio.DashScopeAudioSpeechModel]: Factory method 'dashScopeSpeechSynthesisModel' threw exception with message: DashScope API key must be set. Use the connection property: spring.ai.dashscope.api-key or spring.ai.dashscope.audio.synthesis.api-key property.
	at org.springframework.beans.factory.support.SimpleInstantiationStrategy.lambda$instantiate$0(SimpleInstantiationStrategy.java:199)
	at org.springframework.beans.factory.support.SimpleInstantiationStrategy.instantiateWithFactoryMethod(SimpleInstantiationStrategy.java:88)
	at org.springframework.beans.factory.support.SimpleInstantiationStrategy.instantiate(SimpleInstantiationStrategy.java:168)
	at org.springframework.beans.factory.support.ConstructorResolver.instantiate(ConstructorResolver.java:653)
	... 21 common frames omitted
Caused by: java.lang.IllegalArgumentException: DashScope API key must be set. Use the connection property: spring.ai.dashscope.api-key or spring.ai.dashscope.audio.synthesis.api-key property.
	at org.springframework.util.Assert.hasText(Assert.java:253)
	at com.alibaba.cloud.ai.autoconfigure.dashscope.DashScopeConnectionUtils.resolveConnectionProperties(DashScopeConnectionUtils.java:65)
	at com.alibaba.cloud.ai.autoconfigure.dashscope.DashScopeAudioSpeechAutoConfiguration.dashScopeSpeechSynthesisApi(DashScopeAudioSpeechAutoConfiguration.java:66)
	at com.alibaba.cloud.ai.autoconfigure.dashscope.DashScopeAudioSpeechAutoConfiguration.dashScopeSpeechSynthesisModel(DashScopeAudioSpeechAutoConfiguration.java:58)
	at java.base/jdk.internal.reflect.NativeMethodAccessorImpl.invoke0(Native Method)
	at java.base/jdk.internal.reflect.NativeMethodAccessorImpl.invoke(NativeMethodAccessorImpl.java:77)
	at java.base/jdk.internal.reflect.DelegatingMethodAccessorImpl.invoke(DelegatingMethodAccessorImpl.java:43)
	at java.base/java.lang.reflect.Method.invoke(Method.java:568)
	at org.springframework.beans.factory.support.SimpleInstantiationStrategy.lambda$instantiate$0(SimpleInstantiationStrategy.java:171)
	... 24 common frames omitted
26-06-11.22:58:01.955 [main            ] INFO  Application            - Starting Application using Java 17.0.17 with PID 39792 (C:\code\myAgent\myAgent-app\target\classes started by kqj in C:\code\myAgent)
26-06-11.22:58:01.957 [main            ] INFO  Application            - The following 1 profile is active: "dev"
26-06-11.22:58:02.863 [main            ] WARN  ClassPathMapperScanner - No MyBatis mapper was found in '[cn.bugstack.ai]' package. Please check your configuration.
26-06-11.22:58:03.366 [main            ] INFO  TomcatWebServer        - Tomcat initialized with port 8091 (http)
26-06-11.22:58:03.379 [main            ] INFO  Http11NioProtocol      - Initializing ProtocolHandler ["http-nio-8091"]
26-06-11.22:58:03.380 [main            ] INFO  StandardService        - Starting service [Tomcat]
26-06-11.22:58:03.380 [main            ] INFO  StandardEngine         - Starting Servlet engine: [Apache Tomcat/10.1.36]
26-06-11.22:58:03.444 [main            ] INFO  [/]                    - Initializing Spring embedded WebApplicationContext
26-06-11.22:58:03.444 [main            ] INFO  ServletWebServerApplicationContext - Root WebApplicationContext: initialization completed in 1445 ms
26-06-11.22:58:03.631 [main            ] INFO  OptionalValidatorFactoryBean - Failed to set up a Bean Validation provider: jakarta.validation.NoProviderFoundException: Unable to create a Configuration, because no Jakarta Bean Validation provider could be found. Add a provider like Hibernate Validator (RI) to your classpath.
26-06-11.22:58:04.249 [main            ] INFO  HikariDataSource       - HikariPool-1 - Starting...
26-06-11.22:58:05.368 [main            ] WARN  AnnotationConfigServletWebServerApplicationContext - Exception encountered during context initialization - cancelling refresh attempt: org.springframework.beans.factory.BeanCreationException: Error creating bean with name 'jdbcChatMemoryScriptDatabaseInitializer' defined in class path resource [org/springframework/ai/model/chat/memory/repository/jdbc/autoconfigure/JdbcChatMemoryRepositoryAutoConfiguration.class]: Failed to instantiate [org.springframework.ai.model.chat.memory.repository.jdbc.autoconfigure.JdbcChatMemoryRepositorySchemaInitializer]: Factory method 'jdbcChatMemoryScriptDatabaseInitializer' threw exception with message: Failed to determine DatabaseDriver
26-06-11.22:58:05.371 [main            ] INFO  StandardService        - Stopping service [Tomcat]
26-06-11.22:58:05.380 [main            ] INFO  ConditionEvaluationReportLogger - 

Error starting ApplicationContext. To display the condition evaluation report re-run your application with 'debug' enabled.
26-06-11.22:58:05.393 [main            ] ERROR SpringApplication      - Application run failed
org.springframework.beans.factory.BeanCreationException: Error creating bean with name 'jdbcChatMemoryScriptDatabaseInitializer' defined in class path resource [org/springframework/ai/model/chat/memory/repository/jdbc/autoconfigure/JdbcChatMemoryRepositoryAutoConfiguration.class]: Failed to instantiate [org.springframework.ai.model.chat.memory.repository.jdbc.autoconfigure.JdbcChatMemoryRepositorySchemaInitializer]: Factory method 'jdbcChatMemoryScriptDatabaseInitializer' threw exception with message: Failed to determine DatabaseDriver
	at org.springframework.beans.factory.support.ConstructorResolver.instantiate(ConstructorResolver.java:657)
	at org.springframework.beans.factory.support.ConstructorResolver.instantiateUsingFactoryMethod(ConstructorResolver.java:645)
	at org.springframework.beans.factory.support.AbstractAutowireCapableBeanFactory.instantiateUsingFactoryMethod(AbstractAutowireCapableBeanFactory.java:1361)
	at org.springframework.beans.factory.support.AbstractAutowireCapableBeanFactory.createBeanInstance(AbstractAutowireCapableBeanFactory.java:1191)
	at org.springframework.beans.factory.support.AbstractAutowireCapableBeanFactory.doCreateBean(AbstractAutowireCapableBeanFactory.java:563)
	at org.springframework.beans.factory.support.AbstractAutowireCapableBeanFactory.createBean(AbstractAutowireCapableBeanFactory.java:523)
	at org.springframework.beans.factory.support.AbstractBeanFactory.lambda$doGetBean$0(AbstractBeanFactory.java:339)
	at org.springframework.beans.factory.support.DefaultSingletonBeanRegistry.getSingleton(DefaultSingletonBeanRegistry.java:346)
	at org.springframework.beans.factory.support.AbstractBeanFactory.doGetBean(AbstractBeanFactory.java:337)
	at org.springframework.beans.factory.support.AbstractBeanFactory.getBean(AbstractBeanFactory.java:202)
	at org.springframework.beans.factory.support.AbstractBeanFactory.doGetBean(AbstractBeanFactory.java:315)
	at org.springframework.beans.factory.support.AbstractBeanFactory.getBean(AbstractBeanFactory.java:202)
	at org.springframework.beans.factory.support.DefaultListableBeanFactory.instantiateSingleton(DefaultListableBeanFactory.java:1155)
	at org.springframework.beans.factory.support.DefaultListableBeanFactory.preInstantiateSingleton(DefaultListableBeanFactory.java:1121)
	at org.springframework.beans.factory.support.DefaultListableBeanFactory.preInstantiateSingletons(DefaultListableBeanFactory.java:1056)
	at org.springframework.context.support.AbstractApplicationContext.finishBeanFactoryInitialization(AbstractApplicationContext.java:987)
	at org.springframework.context.support.AbstractApplicationContext.refresh(AbstractApplicationContext.java:627)
	at org.springframework.boot.web.servlet.context.ServletWebServerApplicationContext.refresh(ServletWebServerApplicationContext.java:146)
	at org.springframework.boot.SpringApplication.refresh(SpringApplication.java:752)
	at org.springframework.boot.SpringApplication.refreshContext(SpringApplication.java:439)
	at org.springframework.boot.SpringApplication.run(SpringApplication.java:318)
	at org.springframework.boot.SpringApplication.run(SpringApplication.java:1361)
	at org.springframework.boot.SpringApplication.run(SpringApplication.java:1350)
	at cn.bugstack.ai.Application.main(Application.java:12)
Caused by: org.springframework.beans.BeanInstantiationException: Failed to instantiate [org.springframework.ai.model.chat.memory.repository.jdbc.autoconfigure.JdbcChatMemoryRepositorySchemaInitializer]: Factory method 'jdbcChatMemoryScriptDatabaseInitializer' threw exception with message: Failed to determine DatabaseDriver
	at org.springframework.beans.factory.support.SimpleInstantiationStrategy.lambda$instantiate$0(SimpleInstantiationStrategy.java:199)
	at org.springframework.beans.factory.support.SimpleInstantiationStrategy.instantiateWithFactoryMethod(SimpleInstantiationStrategy.java:88)
	at org.springframework.beans.factory.support.SimpleInstantiationStrategy.instantiate(SimpleInstantiationStrategy.java:168)
	at org.springframework.beans.factory.support.ConstructorResolver.instantiate(ConstructorResolver.java:653)
	... 23 common frames omitted
Caused by: java.lang.IllegalStateException: Failed to determine DatabaseDriver
	at org.springframework.boot.jdbc.init.PlatformPlaceholderDatabaseDriverResolver.getDatabaseDriver(PlatformPlaceholderDatabaseDriverResolver.java:144)
	at org.springframework.boot.jdbc.init.PlatformPlaceholderDatabaseDriverResolver.determinePlatform(PlatformPlaceholderDatabaseDriverResolver.java:132)
	at org.springframework.boot.jdbc.init.PlatformPlaceholderDatabaseDriverResolver.lambda$resolveAll$0(PlatformPlaceholderDatabaseDriverResolver.java:97)
	at org.springframework.boot.jdbc.init.PlatformPlaceholderDatabaseDriverResolver.resolveAll(PlatformPlaceholderDatabaseDriverResolver.java:122)
	at org.springframework.boot.jdbc.init.PlatformPlaceholderDatabaseDriverResolver.resolveAll(PlatformPlaceholderDatabaseDriverResolver.java:97)
	at org.springframework.ai.model.chat.memory.repository.jdbc.autoconfigure.JdbcChatMemoryRepositorySchemaInitializer.resolveSchemaLocations(JdbcChatMemoryRepositorySchemaInitializer.java:56)
	at org.springframework.ai.model.chat.memory.repository.jdbc.autoconfigure.JdbcChatMemoryRepositorySchemaInitializer.getSettings(JdbcChatMemoryRepositorySchemaInitializer.java:44)
	at org.springframework.ai.model.chat.memory.repository.jdbc.autoconfigure.JdbcChatMemoryRepositorySchemaInitializer.<init>(JdbcChatMemoryRepositorySchemaInitializer.java:38)
	at org.springframework.ai.model.chat.memory.repository.jdbc.autoconfigure.JdbcChatMemoryRepositoryAutoConfiguration.jdbcChatMemoryScriptDatabaseInitializer(JdbcChatMemoryRepositoryAutoConfiguration.java:57)
	at java.base/jdk.internal.reflect.NativeMethodAccessorImpl.invoke0(Native Method)
	at java.base/jdk.internal.reflect.NativeMethodAccessorImpl.invoke(NativeMethodAccessorImpl.java:77)
	at java.base/jdk.internal.reflect.DelegatingMethodAccessorImpl.invoke(DelegatingMethodAccessorImpl.java:43)
	at java.base/java.lang.reflect.Method.invoke(Method.java:568)
	at org.springframework.beans.factory.support.SimpleInstantiationStrategy.lambda$instantiate$0(SimpleInstantiationStrategy.java:171)
	... 26 common frames omitted
Caused by: org.springframework.jdbc.support.MetaDataAccessException: Could not get Connection for extracting meta-data
	at org.springframework.jdbc.support.JdbcUtils.extractDatabaseMetaData(JdbcUtils.java:357)
	at org.springframework.boot.jdbc.init.PlatformPlaceholderDatabaseDriverResolver.getDatabaseDriver(PlatformPlaceholderDatabaseDriverResolver.java:140)
	... 39 common frames omitted
Caused by: org.springframework.jdbc.CannotGetJdbcConnectionException: Failed to obtain JDBC Connection
	at org.springframework.jdbc.datasource.DataSourceUtils.getConnection(DataSourceUtils.java:84)
	at org.springframework.jdbc.support.JdbcUtils.extractDatabaseMetaData(JdbcUtils.java:331)
	... 40 common frames omitted
Caused by: org.postgresql.util.PSQLException: FATAL: password authentication failed for user "root"
	at org.postgresql.core.v3.ConnectionFactoryImpl.doAuthentication(ConnectionFactoryImpl.java:704)
	at org.postgresql.core.v3.ConnectionFactoryImpl.tryConnect(ConnectionFactoryImpl.java:213)
	at org.postgresql.core.v3.ConnectionFactoryImpl.openConnectionImpl(ConnectionFactoryImpl.java:268)
	at org.postgresql.core.ConnectionFactory.openConnection(ConnectionFactory.java:54)
	at org.postgresql.jdbc.PgConnection.<init>(PgConnection.java:273)
	at org.postgresql.Driver.makeConnection(Driver.java:446)
	at org.postgresql.Driver.connect(Driver.java:298)
	at com.zaxxer.hikari.util.DriverDataSource.getConnection(DriverDataSource.java:137)
	at com.zaxxer.hikari.pool.PoolBase.newConnection(PoolBase.java:360)
	at com.zaxxer.hikari.pool.PoolBase.newPoolEntry(PoolBase.java:202)
	at com.zaxxer.hikari.pool.HikariPool.createPoolEntry(HikariPool.java:461)
	at com.zaxxer.hikari.pool.HikariPool.checkFailFast(HikariPool.java:550)
	at com.zaxxer.hikari.pool.HikariPool.<init>(HikariPool.java:98)
	at com.zaxxer.hikari.HikariDataSource.getConnection(HikariDataSource.java:111)
	at org.springframework.jdbc.datasource.DataSourceUtils.fetchConnection(DataSourceUtils.java:160)
	at org.springframework.jdbc.datasource.DataSourceUtils.doGetConnection(DataSourceUtils.java:118)
	at org.springframework.jdbc.datasource.DataSourceUtils.getConnection(DataSourceUtils.java:81)
	... 41 common frames omitted
26-06-11.22:58:27.518 [main            ] INFO  Application            - Starting Application using Java 17.0.17 with PID 48160 (C:\code\myAgent\myAgent-app\target\classes started by kqj in C:\code\myAgent)
26-06-11.22:58:27.520 [main            ] INFO  Application            - The following 1 profile is active: "dev"
26-06-11.22:58:28.369 [main            ] WARN  ClassPathMapperScanner - No MyBatis mapper was found in '[cn.bugstack.ai]' package. Please check your configuration.
26-06-11.22:58:28.850 [main            ] INFO  TomcatWebServer        - Tomcat initialized with port 8091 (http)
26-06-11.22:58:28.864 [main            ] INFO  Http11NioProtocol      - Initializing ProtocolHandler ["http-nio-8091"]
26-06-11.22:58:28.865 [main            ] INFO  StandardService        - Starting service [Tomcat]
26-06-11.22:58:28.865 [main            ] INFO  StandardEngine         - Starting Servlet engine: [Apache Tomcat/10.1.36]
26-06-11.22:58:28.930 [main            ] INFO  [/]                    - Initializing Spring embedded WebApplicationContext
26-06-11.22:58:28.930 [main            ] INFO  ServletWebServerApplicationContext - Root WebApplicationContext: initialization completed in 1374 ms
26-06-11.22:58:29.149 [main            ] INFO  OptionalValidatorFactoryBean - Failed to set up a Bean Validation provider: jakarta.validation.NoProviderFoundException: Unable to create a Configuration, because no Jakarta Bean Validation provider could be found. Add a provider like Hibernate Validator (RI) to your classpath.
26-06-11.22:58:29.867 [main            ] INFO  HikariDataSource       - HikariPool-1 - Starting...
26-06-11.22:58:30.963 [main            ] WARN  AnnotationConfigServletWebServerApplicationContext - Exception encountered during context initialization - cancelling refresh attempt: org.springframework.beans.factory.BeanCreationException: Error creating bean with name 'jdbcChatMemoryScriptDatabaseInitializer' defined in class path resource [org/springframework/ai/model/chat/memory/repository/jdbc/autoconfigure/JdbcChatMemoryRepositoryAutoConfiguration.class]: Failed to instantiate [org.springframework.ai.model.chat.memory.repository.jdbc.autoconfigure.JdbcChatMemoryRepositorySchemaInitializer]: Factory method 'jdbcChatMemoryScriptDatabaseInitializer' threw exception with message: Failed to determine DatabaseDriver
26-06-11.22:58:30.966 [main            ] INFO  StandardService        - Stopping service [Tomcat]
26-06-11.22:58:30.977 [main            ] INFO  ConditionEvaluationReportLogger - 

Error starting ApplicationContext. To display the condition evaluation report re-run your application with 'debug' enabled.
26-06-11.22:58:30.991 [main            ] ERROR SpringApplication      - Application run failed
org.springframework.beans.factory.BeanCreationException: Error creating bean with name 'jdbcChatMemoryScriptDatabaseInitializer' defined in class path resource [org/springframework/ai/model/chat/memory/repository/jdbc/autoconfigure/JdbcChatMemoryRepositoryAutoConfiguration.class]: Failed to instantiate [org.springframework.ai.model.chat.memory.repository.jdbc.autoconfigure.JdbcChatMemoryRepositorySchemaInitializer]: Factory method 'jdbcChatMemoryScriptDatabaseInitializer' threw exception with message: Failed to determine DatabaseDriver
	at org.springframework.beans.factory.support.ConstructorResolver.instantiate(ConstructorResolver.java:657)
	at org.springframework.beans.factory.support.ConstructorResolver.instantiateUsingFactoryMethod(ConstructorResolver.java:645)
	at org.springframework.beans.factory.support.AbstractAutowireCapableBeanFactory.instantiateUsingFactoryMethod(AbstractAutowireCapableBeanFactory.java:1361)
	at org.springframework.beans.factory.support.AbstractAutowireCapableBeanFactory.createBeanInstance(AbstractAutowireCapableBeanFactory.java:1191)
	at org.springframework.beans.factory.support.AbstractAutowireCapableBeanFactory.doCreateBean(AbstractAutowireCapableBeanFactory.java:563)
	at org.springframework.beans.factory.support.AbstractAutowireCapableBeanFactory.createBean(AbstractAutowireCapableBeanFactory.java:523)
	at org.springframework.beans.factory.support.AbstractBeanFactory.lambda$doGetBean$0(AbstractBeanFactory.java:339)
	at org.springframework.beans.factory.support.DefaultSingletonBeanRegistry.getSingleton(DefaultSingletonBeanRegistry.java:346)
	at org.springframework.beans.factory.support.AbstractBeanFactory.doGetBean(AbstractBeanFactory.java:337)
	at org.springframework.beans.factory.support.AbstractBeanFactory.getBean(AbstractBeanFactory.java:202)
	at org.springframework.beans.factory.support.AbstractBeanFactory.doGetBean(AbstractBeanFactory.java:315)
	at org.springframework.beans.factory.support.AbstractBeanFactory.getBean(AbstractBeanFactory.java:202)
	at org.springframework.beans.factory.support.DefaultListableBeanFactory.instantiateSingleton(DefaultListableBeanFactory.java:1155)
	at org.springframework.beans.factory.support.DefaultListableBeanFactory.preInstantiateSingleton(DefaultListableBeanFactory.java:1121)
	at org.springframework.beans.factory.support.DefaultListableBeanFactory.preInstantiateSingletons(DefaultListableBeanFactory.java:1056)
	at org.springframework.context.support.AbstractApplicationContext.finishBeanFactoryInitialization(AbstractApplicationContext.java:987)
	at org.springframework.context.support.AbstractApplicationContext.refresh(AbstractApplicationContext.java:627)
	at org.springframework.boot.web.servlet.context.ServletWebServerApplicationContext.refresh(ServletWebServerApplicationContext.java:146)
	at org.springframework.boot.SpringApplication.refresh(SpringApplication.java:752)
	at org.springframework.boot.SpringApplication.refreshContext(SpringApplication.java:439)
	at org.springframework.boot.SpringApplication.run(SpringApplication.java:318)
	at org.springframework.boot.SpringApplication.run(SpringApplication.java:1361)
	at org.springframework.boot.SpringApplication.run(SpringApplication.java:1350)
	at cn.bugstack.ai.Application.main(Application.java:12)
Caused by: org.springframework.beans.BeanInstantiationException: Failed to instantiate [org.springframework.ai.model.chat.memory.repository.jdbc.autoconfigure.JdbcChatMemoryRepositorySchemaInitializer]: Factory method 'jdbcChatMemoryScriptDatabaseInitializer' threw exception with message: Failed to determine DatabaseDriver
	at org.springframework.beans.factory.support.SimpleInstantiationStrategy.lambda$instantiate$0(SimpleInstantiationStrategy.java:199)
	at org.springframework.beans.factory.support.SimpleInstantiationStrategy.instantiateWithFactoryMethod(SimpleInstantiationStrategy.java:88)
	at org.springframework.beans.factory.support.SimpleInstantiationStrategy.instantiate(SimpleInstantiationStrategy.java:168)
	at org.springframework.beans.factory.support.ConstructorResolver.instantiate(ConstructorResolver.java:653)
	... 23 common frames omitted
Caused by: java.lang.IllegalStateException: Failed to determine DatabaseDriver
	at org.springframework.boot.jdbc.init.PlatformPlaceholderDatabaseDriverResolver.getDatabaseDriver(PlatformPlaceholderDatabaseDriverResolver.java:144)
	at org.springframework.boot.jdbc.init.PlatformPlaceholderDatabaseDriverResolver.determinePlatform(PlatformPlaceholderDatabaseDriverResolver.java:132)
	at org.springframework.boot.jdbc.init.PlatformPlaceholderDatabaseDriverResolver.lambda$resolveAll$0(PlatformPlaceholderDatabaseDriverResolver.java:97)
	at org.springframework.boot.jdbc.init.PlatformPlaceholderDatabaseDriverResolver.resolveAll(PlatformPlaceholderDatabaseDriverResolver.java:122)
	at org.springframework.boot.jdbc.init.PlatformPlaceholderDatabaseDriverResolver.resolveAll(PlatformPlaceholderDatabaseDriverResolver.java:97)
	at org.springframework.ai.model.chat.memory.repository.jdbc.autoconfigure.JdbcChatMemoryRepositorySchemaInitializer.resolveSchemaLocations(JdbcChatMemoryRepositorySchemaInitializer.java:56)
	at org.springframework.ai.model.chat.memory.repository.jdbc.autoconfigure.JdbcChatMemoryRepositorySchemaInitializer.getSettings(JdbcChatMemoryRepositorySchemaInitializer.java:44)
	at org.springframework.ai.model.chat.memory.repository.jdbc.autoconfigure.JdbcChatMemoryRepositorySchemaInitializer.<init>(JdbcChatMemoryRepositorySchemaInitializer.java:38)
	at org.springframework.ai.model.chat.memory.repository.jdbc.autoconfigure.JdbcChatMemoryRepositoryAutoConfiguration.jdbcChatMemoryScriptDatabaseInitializer(JdbcChatMemoryRepositoryAutoConfiguration.java:57)
	at java.base/jdk.internal.reflect.NativeMethodAccessorImpl.invoke0(Native Method)
	at java.base/jdk.internal.reflect.NativeMethodAccessorImpl.invoke(NativeMethodAccessorImpl.java:77)
	at java.base/jdk.internal.reflect.DelegatingMethodAccessorImpl.invoke(DelegatingMethodAccessorImpl.java:43)
	at java.base/java.lang.reflect.Method.invoke(Method.java:568)
	at org.springframework.beans.factory.support.SimpleInstantiationStrategy.lambda$instantiate$0(SimpleInstantiationStrategy.java:171)
	... 26 common frames omitted
Caused by: org.springframework.jdbc.support.MetaDataAccessException: Could not get Connection for extracting meta-data
	at org.springframework.jdbc.support.JdbcUtils.extractDatabaseMetaData(JdbcUtils.java:357)
	at org.springframework.boot.jdbc.init.PlatformPlaceholderDatabaseDriverResolver.getDatabaseDriver(PlatformPlaceholderDatabaseDriverResolver.java:140)
	... 39 common frames omitted
Caused by: org.springframework.jdbc.CannotGetJdbcConnectionException: Failed to obtain JDBC Connection
	at org.springframework.jdbc.datasource.DataSourceUtils.getConnection(DataSourceUtils.java:84)
	at org.springframework.jdbc.support.JdbcUtils.extractDatabaseMetaData(JdbcUtils.java:331)
	... 40 common frames omitted
Caused by: org.postgresql.util.PSQLException: FATAL: password authentication failed for user "postgre"
	at org.postgresql.core.v3.ConnectionFactoryImpl.doAuthentication(ConnectionFactoryImpl.java:704)
	at org.postgresql.core.v3.ConnectionFactoryImpl.tryConnect(ConnectionFactoryImpl.java:213)
	at org.postgresql.core.v3.ConnectionFactoryImpl.openConnectionImpl(ConnectionFactoryImpl.java:268)
	at org.postgresql.core.ConnectionFactory.openConnection(ConnectionFactory.java:54)
	at org.postgresql.jdbc.PgConnection.<init>(PgConnection.java:273)
	at org.postgresql.Driver.makeConnection(Driver.java:446)
	at org.postgresql.Driver.connect(Driver.java:298)
	at com.zaxxer.hikari.util.DriverDataSource.getConnection(DriverDataSource.java:137)
	at com.zaxxer.hikari.pool.PoolBase.newConnection(PoolBase.java:360)
	at com.zaxxer.hikari.pool.PoolBase.newPoolEntry(PoolBase.java:202)
	at com.zaxxer.hikari.pool.HikariPool.createPoolEntry(HikariPool.java:461)
	at com.zaxxer.hikari.pool.HikariPool.checkFailFast(HikariPool.java:550)
	at com.zaxxer.hikari.pool.HikariPool.<init>(HikariPool.java:98)
	at com.zaxxer.hikari.HikariDataSource.getConnection(HikariDataSource.java:111)
	at org.springframework.jdbc.datasource.DataSourceUtils.fetchConnection(DataSourceUtils.java:160)
	at org.springframework.jdbc.datasource.DataSourceUtils.doGetConnection(DataSourceUtils.java:118)
	at org.springframework.jdbc.datasource.DataSourceUtils.getConnection(DataSourceUtils.java:81)
	... 41 common frames omitted
26-06-11.23:00:17.182 [main            ] INFO  Application            - Starting Application using Java 17.0.17 with PID 28408 (C:\code\myAgent\myAgent-app\target\classes started by kqj in C:\code\myAgent)
26-06-11.23:00:17.184 [main            ] INFO  Application            - The following 1 profile is active: "dev"
26-06-11.23:00:18.595 [main            ] WARN  ClassPathMapperScanner - No MyBatis mapper was found in '[cn.bugstack.ai]' package. Please check your configuration.
26-06-11.23:00:19.243 [main            ] INFO  TomcatWebServer        - Tomcat initialized with port 8091 (http)
26-06-11.23:00:19.258 [main            ] INFO  Http11NioProtocol      - Initializing ProtocolHandler ["http-nio-8091"]
26-06-11.23:00:19.259 [main            ] INFO  StandardService        - Starting service [Tomcat]
26-06-11.23:00:19.259 [main            ] INFO  StandardEngine         - Starting Servlet engine: [Apache Tomcat/10.1.36]
26-06-11.23:00:19.325 [main            ] INFO  [/]                    - Initializing Spring embedded WebApplicationContext
26-06-11.23:00:19.325 [main            ] INFO  ServletWebServerApplicationContext - Root WebApplicationContext: initialization completed in 2093 ms
26-06-11.23:00:19.524 [main            ] INFO  OptionalValidatorFactoryBean - Failed to set up a Bean Validation provider: jakarta.validation.NoProviderFoundException: Unable to create a Configuration, because no Jakarta Bean Validation provider could be found. Add a provider like Hibernate Validator (RI) to your classpath.
26-06-11.23:00:20.188 [main            ] INFO  HikariDataSource       - HikariPool-1 - Starting...
26-06-11.23:00:21.337 [main            ] WARN  AnnotationConfigServletWebServerApplicationContext - Exception encountered during context initialization - cancelling refresh attempt: org.springframework.beans.factory.BeanCreationException: Error creating bean with name 'jdbcChatMemoryScriptDatabaseInitializer' defined in class path resource [org/springframework/ai/model/chat/memory/repository/jdbc/autoconfigure/JdbcChatMemoryRepositoryAutoConfiguration.class]: Failed to instantiate [org.springframework.ai.model.chat.memory.repository.jdbc.autoconfigure.JdbcChatMemoryRepositorySchemaInitializer]: Factory method 'jdbcChatMemoryScriptDatabaseInitializer' threw exception with message: Failed to determine DatabaseDriver
26-06-11.23:00:21.341 [main            ] INFO  StandardService        - Stopping service [Tomcat]
26-06-11.23:00:21.349 [main            ] INFO  ConditionEvaluationReportLogger - 

Error starting ApplicationContext. To display the condition evaluation report re-run your application with 'debug' enabled.
26-06-11.23:00:21.363 [main            ] ERROR SpringApplication      - Application run failed
org.springframework.beans.factory.BeanCreationException: Error creating bean with name 'jdbcChatMemoryScriptDatabaseInitializer' defined in class path resource [org/springframework/ai/model/chat/memory/repository/jdbc/autoconfigure/JdbcChatMemoryRepositoryAutoConfiguration.class]: Failed to instantiate [org.springframework.ai.model.chat.memory.repository.jdbc.autoconfigure.JdbcChatMemoryRepositorySchemaInitializer]: Factory method 'jdbcChatMemoryScriptDatabaseInitializer' threw exception with message: Failed to determine DatabaseDriver
	at org.springframework.beans.factory.support.ConstructorResolver.instantiate(ConstructorResolver.java:657)
	at org.springframework.beans.factory.support.ConstructorResolver.instantiateUsingFactoryMethod(ConstructorResolver.java:645)
	at org.springframework.beans.factory.support.AbstractAutowireCapableBeanFactory.instantiateUsingFactoryMethod(AbstractAutowireCapableBeanFactory.java:1361)
	at org.springframework.beans.factory.support.AbstractAutowireCapableBeanFactory.createBeanInstance(AbstractAutowireCapableBeanFactory.java:1191)
	at org.springframework.beans.factory.support.AbstractAutowireCapableBeanFactory.doCreateBean(AbstractAutowireCapableBeanFactory.java:563)
	at org.springframework.beans.factory.support.AbstractAutowireCapableBeanFactory.createBean(AbstractAutowireCapableBeanFactory.java:523)
	at org.springframework.beans.factory.support.AbstractBeanFactory.lambda$doGetBean$0(AbstractBeanFactory.java:339)
	at org.springframework.beans.factory.support.DefaultSingletonBeanRegistry.getSingleton(DefaultSingletonBeanRegistry.java:346)
	at org.springframework.beans.factory.support.AbstractBeanFactory.doGetBean(AbstractBeanFactory.java:337)
	at org.springframework.beans.factory.support.AbstractBeanFactory.getBean(AbstractBeanFactory.java:202)
	at org.springframework.beans.factory.support.AbstractBeanFactory.doGetBean(AbstractBeanFactory.java:315)
	at org.springframework.beans.factory.support.AbstractBeanFactory.getBean(AbstractBeanFactory.java:202)
	at org.springframework.beans.factory.support.DefaultListableBeanFactory.instantiateSingleton(DefaultListableBeanFactory.java:1155)
	at org.springframework.beans.factory.support.DefaultListableBeanFactory.preInstantiateSingleton(DefaultListableBeanFactory.java:1121)
	at org.springframework.beans.factory.support.DefaultListableBeanFactory.preInstantiateSingletons(DefaultListableBeanFactory.java:1056)
	at org.springframework.context.support.AbstractApplicationContext.finishBeanFactoryInitialization(AbstractApplicationContext.java:987)
	at org.springframework.context.support.AbstractApplicationContext.refresh(AbstractApplicationContext.java:627)
	at org.springframework.boot.web.servlet.context.ServletWebServerApplicationContext.refresh(ServletWebServerApplicationContext.java:146)
	at org.springframework.boot.SpringApplication.refresh(SpringApplication.java:752)
	at org.springframework.boot.SpringApplication.refreshContext(SpringApplication.java:439)
	at org.springframework.boot.SpringApplication.run(SpringApplication.java:318)
	at org.springframework.boot.SpringApplication.run(SpringApplication.java:1361)
	at org.springframework.boot.SpringApplication.run(SpringApplication.java:1350)
	at cn.bugstack.ai.Application.main(Application.java:12)
Caused by: org.springframework.beans.BeanInstantiationException: Failed to instantiate [org.springframework.ai.model.chat.memory.repository.jdbc.autoconfigure.JdbcChatMemoryRepositorySchemaInitializer]: Factory method 'jdbcChatMemoryScriptDatabaseInitializer' threw exception with message: Failed to determine DatabaseDriver
	at org.springframework.beans.factory.support.SimpleInstantiationStrategy.lambda$instantiate$0(SimpleInstantiationStrategy.java:199)
	at org.springframework.beans.factory.support.SimpleInstantiationStrategy.instantiateWithFactoryMethod(SimpleInstantiationStrategy.java:88)
	at org.springframework.beans.factory.support.SimpleInstantiationStrategy.instantiate(SimpleInstantiationStrategy.java:168)
	at org.springframework.beans.factory.support.ConstructorResolver.instantiate(ConstructorResolver.java:653)
	... 23 common frames omitted
Caused by: java.lang.IllegalStateException: Failed to determine DatabaseDriver
	at org.springframework.boot.jdbc.init.PlatformPlaceholderDatabaseDriverResolver.getDatabaseDriver(PlatformPlaceholderDatabaseDriverResolver.java:144)
	at org.springframework.boot.jdbc.init.PlatformPlaceholderDatabaseDriverResolver.determinePlatform(PlatformPlaceholderDatabaseDriverResolver.java:132)
	at org.springframework.boot.jdbc.init.PlatformPlaceholderDatabaseDriverResolver.lambda$resolveAll$0(PlatformPlaceholderDatabaseDriverResolver.java:97)
	at org.springframework.boot.jdbc.init.PlatformPlaceholderDatabaseDriverResolver.resolveAll(PlatformPlaceholderDatabaseDriverResolver.java:122)
	at org.springframework.boot.jdbc.init.PlatformPlaceholderDatabaseDriverResolver.resolveAll(PlatformPlaceholderDatabaseDriverResolver.java:97)
	at org.springframework.ai.model.chat.memory.repository.jdbc.autoconfigure.JdbcChatMemoryRepositorySchemaInitializer.resolveSchemaLocations(JdbcChatMemoryRepositorySchemaInitializer.java:56)
	at org.springframework.ai.model.chat.memory.repository.jdbc.autoconfigure.JdbcChatMemoryRepositorySchemaInitializer.getSettings(JdbcChatMemoryRepositorySchemaInitializer.java:44)
	at org.springframework.ai.model.chat.memory.repository.jdbc.autoconfigure.JdbcChatMemoryRepositorySchemaInitializer.<init>(JdbcChatMemoryRepositorySchemaInitializer.java:38)
	at org.springframework.ai.model.chat.memory.repository.jdbc.autoconfigure.JdbcChatMemoryRepositoryAutoConfiguration.jdbcChatMemoryScriptDatabaseInitializer(JdbcChatMemoryRepositoryAutoConfiguration.java:57)
	at java.base/jdk.internal.reflect.NativeMethodAccessorImpl.invoke0(Native Method)
	at java.base/jdk.internal.reflect.NativeMethodAccessorImpl.invoke(NativeMethodAccessorImpl.java:77)
	at java.base/jdk.internal.reflect.DelegatingMethodAccessorImpl.invoke(DelegatingMethodAccessorImpl.java:43)
	at java.base/java.lang.reflect.Method.invoke(Method.java:568)
	at org.springframework.beans.factory.support.SimpleInstantiationStrategy.lambda$instantiate$0(SimpleInstantiationStrategy.java:171)
	... 26 common frames omitted
Caused by: org.springframework.jdbc.support.MetaDataAccessException: Could not get Connection for extracting meta-data
	at org.springframework.jdbc.support.JdbcUtils.extractDatabaseMetaData(JdbcUtils.java:357)
	at org.springframework.boot.jdbc.init.PlatformPlaceholderDatabaseDriverResolver.getDatabaseDriver(PlatformPlaceholderDatabaseDriverResolver.java:140)
	... 39 common frames omitted
Caused by: org.springframework.jdbc.CannotGetJdbcConnectionException: Failed to obtain JDBC Connection
	at org.springframework.jdbc.datasource.DataSourceUtils.getConnection(DataSourceUtils.java:84)
	at org.springframework.jdbc.support.JdbcUtils.extractDatabaseMetaData(JdbcUtils.java:331)
	... 40 common frames omitted
Caused by: org.postgresql.util.PSQLException: FATAL: database "xfg_frame_archetype" does not exist
	at org.postgresql.core.v3.QueryExecutorImpl.receiveErrorResponse(QueryExecutorImpl.java:2733)
	at org.postgresql.core.v3.QueryExecutorImpl.readStartupMessages(QueryExecutorImpl.java:2845)
	at org.postgresql.core.v3.QueryExecutorImpl.<init>(QueryExecutorImpl.java:176)
	at org.postgresql.core.v3.ConnectionFactoryImpl.openConnectionImpl(ConnectionFactoryImpl.java:323)
	at org.postgresql.core.ConnectionFactory.openConnection(ConnectionFactory.java:54)
	at org.postgresql.jdbc.PgConnection.<init>(PgConnection.java:273)
	at org.postgresql.Driver.makeConnection(Driver.java:446)
	at org.postgresql.Driver.connect(Driver.java:298)
	at com.zaxxer.hikari.util.DriverDataSource.getConnection(DriverDataSource.java:137)
	at com.zaxxer.hikari.pool.PoolBase.newConnection(PoolBase.java:360)
	at com.zaxxer.hikari.pool.PoolBase.newPoolEntry(PoolBase.java:202)
	at com.zaxxer.hikari.pool.HikariPool.createPoolEntry(HikariPool.java:461)
	at com.zaxxer.hikari.pool.HikariPool.checkFailFast(HikariPool.java:550)
	at com.zaxxer.hikari.pool.HikariPool.<init>(HikariPool.java:98)
	at com.zaxxer.hikari.HikariDataSource.getConnection(HikariDataSource.java:111)
	at org.springframework.jdbc.datasource.DataSourceUtils.fetchConnection(DataSourceUtils.java:160)
	at org.springframework.jdbc.datasource.DataSourceUtils.doGetConnection(DataSourceUtils.java:118)
	at org.springframework.jdbc.datasource.DataSourceUtils.getConnection(DataSourceUtils.java:81)
	... 41 common frames omitted
26-06-11.23:04:17.965 [main            ] INFO  Application            - Starting Application using Java 17.0.17 with PID 43740 (C:\code\myAgent\myAgent-app\target\classes started by kqj in C:\code\myAgent)
26-06-11.23:04:17.966 [main            ] INFO  Application            - The following 1 profile is active: "dev"
26-06-11.23:04:19.070 [main            ] WARN  ClassPathMapperScanner - No MyBatis mapper was found in '[cn.bugstack.ai]' package. Please check your configuration.
26-06-11.23:04:19.684 [main            ] INFO  TomcatWebServer        - Tomcat initialized with port 8091 (http)
26-06-11.23:04:19.699 [main            ] INFO  Http11NioProtocol      - Initializing ProtocolHandler ["http-nio-8091"]
26-06-11.23:04:19.701 [main            ] INFO  StandardService        - Starting service [Tomcat]
26-06-11.23:04:19.701 [main            ] INFO  StandardEngine         - Starting Servlet engine: [Apache Tomcat/10.1.36]
26-06-11.23:04:19.781 [main            ] INFO  [/]                    - Initializing Spring embedded WebApplicationContext
26-06-11.23:04:19.782 [main            ] INFO  ServletWebServerApplicationContext - Root WebApplicationContext: initialization completed in 1774 ms
26-06-11.23:04:19.979 [main            ] INFO  OptionalValidatorFactoryBean - Failed to set up a Bean Validation provider: jakarta.validation.NoProviderFoundException: Unable to create a Configuration, because no Jakarta Bean Validation provider could be found. Add a provider like Hibernate Validator (RI) to your classpath.
26-06-11.23:04:20.670 [main            ] INFO  HikariDataSource       - HikariPool-1 - Starting...
26-06-11.23:04:20.851 [main            ] INFO  HikariPool             - HikariPool-1 - Added connection org.postgresql.jdbc.PgConnection@cfacf0
26-06-11.23:04:20.853 [main            ] INFO  HikariDataSource       - HikariPool-1 - Start completed.
26-06-11.23:04:21.195 [main            ] INFO  PgVectorStore          - Using the vector table name: vector_store. Is empty: false
26-06-11.23:04:21.199 [main            ] INFO  PgVectorStore          - Initializing PGVectorStore schema for table: vector_store in schema: public
26-06-11.23:04:21.200 [main            ] INFO  PgVectorStore          - vectorTableValidationsEnabled false
26-06-11.23:04:21.465 [main            ] INFO  Http11NioProtocol      - Starting ProtocolHandler ["http-nio-8091"]
26-06-11.23:04:21.476 [main            ] INFO  TomcatWebServer        - Tomcat started on port 8091 (http) with context path '/'
26-06-11.23:04:21.484 [main            ] INFO  Application            - Started Application in 4.156 seconds (process running for 5.149)
